<?xml version="1.0" encoding="UTF-8"?>
<testsuite name="com.cedup.restaurant.RestaurantApplicationTests" tests="1" skipped="0" failures="0" errors="0" timestamp="2016-08-23T21:08:32" hostname="pcbnu001803" time="0.026">
  <properties/>
  <testcase name="contextLoads" classname="com.cedup.restaurant.RestaurantApplicationTests" time="0.026"/>
  <system-out><![CDATA[18:08:30.423 [Test worker] DEBUG org.springframework.test.context.junit4.SpringJUnit4ClassRunner - SpringJUnit4ClassRunner constructor called with [class com.cedup.restaurant.RestaurantApplicationTests]
18:08:30.428 [Test worker] DEBUG org.springframework.test.context.BootstrapUtils - Instantiating CacheAwareContextLoaderDelegate from class [org.springframework.test.context.cache.DefaultCacheAwareContextLoaderDelegate]
18:08:30.436 [Test worker] DEBUG org.springframework.test.context.BootstrapUtils - Instantiating BootstrapContext using constructor [public org.springframework.test.context.support.DefaultBootstrapContext(java.lang.Class,org.springframework.test.context.CacheAwareContextLoaderDelegate)]
18:08:30.452 [Test worker] DEBUG org.springframework.test.context.BootstrapUtils - Instantiating TestContextBootstrapper for test class [com.cedup.restaurant.RestaurantApplicationTests] from class [org.springframework.boot.test.context.SpringBootTestContextBootstrapper]
18:08:30.464 [Test worker] INFO org.springframework.boot.test.context.SpringBootTestContextBootstrapper - Neither @ContextConfiguration nor @ContextHierarchy found for test class [com.cedup.restaurant.RestaurantApplicationTests], using SpringBootContextLoader
18:08:30.470 [Test worker] DEBUG org.springframework.test.context.support.AbstractContextLoader - Did not detect default resource location for test class [com.cedup.restaurant.RestaurantApplicationTests]: class path resource [com/cedup/restaurant/RestaurantApplicationTests-context.xml] does not exist
18:08:30.470 [Test worker] DEBUG org.springframework.test.context.support.AbstractContextLoader - Did not detect default resource location for test class [com.cedup.restaurant.RestaurantApplicationTests]: class path resource [com/cedup/restaurant/RestaurantApplicationTestsContext.groovy] does not exist
18:08:30.470 [Test worker] INFO org.springframework.test.context.support.AbstractContextLoader - Could not detect default resource locations for test class [com.cedup.restaurant.RestaurantApplicationTests]: no resource found for suffixes {-context.xml, Context.groovy}.
18:08:30.471 [Test worker] INFO org.springframework.test.context.support.AnnotationConfigContextLoaderUtils - Could not detect default configuration classes for test class [com.cedup.restaurant.RestaurantApplicationTests]: RestaurantApplicationTests does not declare any static, non-private, non-final, nested classes annotated with @Configuration.
18:08:30.504 [Test worker] DEBUG org.springframework.test.context.support.ActiveProfilesUtils - Could not find an 'annotation declaring class' for annotation type [org.springframework.test.context.ActiveProfiles] and class [com.cedup.restaurant.RestaurantApplicationTests]
18:08:30.548 [Test worker] DEBUG org.springframework.core.env.StandardEnvironment - Adding [systemProperties] PropertySource with lowest search precedence
18:08:30.548 [Test worker] DEBUG org.springframework.core.env.StandardEnvironment - Adding [systemEnvironment] PropertySource with lowest search precedence
18:08:30.548 [Test worker] DEBUG org.springframework.core.env.StandardEnvironment - Initialized StandardEnvironment with PropertySources [systemProperties,systemEnvironment]
18:08:30.560 [Test worker] DEBUG org.springframework.core.io.support.PathMatchingResourcePatternResolver - Resolved classpath location [com/cedup/restaurant/] to resources [URL [file:/C:/repositorioGit/restaurant/build/classes/test/com/cedup/restaurant/], URL [file:/C:/repositorioGit/restaurant/build/classes/main/com/cedup/restaurant/]]
18:08:30.560 [Test worker] DEBUG org.springframework.core.io.support.PathMatchingResourcePatternResolver - Looking for matching resources in directory tree [C:\repositorioGit\restaurant\build\classes\test\com\cedup\restaurant]
18:08:30.561 [Test worker] DEBUG org.springframework.core.io.support.PathMatchingResourcePatternResolver - Searching directory [C:\repositorioGit\restaurant\build\classes\test\com\cedup\restaurant] for files matching pattern [C:/repositorioGit/restaurant/build/classes/test/com/cedup/restaurant/*.class]
18:08:30.564 [Test worker] DEBUG org.springframework.core.io.support.PathMatchingResourcePatternResolver - Looking for matching resources in directory tree [C:\repositorioGit\restaurant\build\classes\main\com\cedup\restaurant]
18:08:30.564 [Test worker] DEBUG org.springframework.core.io.support.PathMatchingResourcePatternResolver - Searching directory [C:\repositorioGit\restaurant\build\classes\main\com\cedup\restaurant] for files matching pattern [C:/repositorioGit/restaurant/build/classes/main/com/cedup/restaurant/*.class]
18:08:30.564 [Test worker] DEBUG org.springframework.core.io.support.PathMatchingResourcePatternResolver - Resolved location pattern [classpath*:com/cedup/restaurant/*.class] to resources [file [C:\repositorioGit\restaurant\build\classes\test\com\cedup\restaurant\RestaurantApplicationTests.class], file [C:\repositorioGit\restaurant\build\classes\main\com\cedup\restaurant\RestaurantApplication.class]]
18:08:30.612 [Test worker] DEBUG org.springframework.context.annotation.ClassPathScanningCandidateComponentProvider - Identified candidate component class: file [C:\repositorioGit\restaurant\build\classes\main\com\cedup\restaurant\RestaurantApplication.class]
18:08:30.613 [Test worker] INFO org.springframework.boot.test.context.SpringBootTestContextBootstrapper - Found @SpringBootConfiguration com.cedup.restaurant.RestaurantApplication for test class com.cedup.restaurant.RestaurantApplicationTests
18:08:30.616 [Test worker] DEBUG org.springframework.boot.test.context.SpringBootTestContextBootstrapper - @TestExecutionListeners is not present for class [com.cedup.restaurant.RestaurantApplicationTests]: using defaults.
18:08:30.620 [Test worker] INFO org.springframework.boot.test.context.SpringBootTestContextBootstrapper - Loaded default TestExecutionListener class names from location [META-INF/spring.factories]: [org.springframework.boot.test.mock.mockito.MockitoTestExecutionListener, org.springframework.boot.test.mock.mockito.ResetMocksTestExecutionListener, org.springframework.boot.test.autoconfigure.AutoConfigureReportTestExecutionListener, org.springframework.boot.test.autoconfigure.restdocs.RestDocsTestExecutionListener, org.springframework.boot.test.autoconfigure.web.client.MockRestServiceServerResetTestExecutionListener, org.springframework.test.context.web.ServletTestExecutionListener, org.springframework.test.context.support.DirtiesContextBeforeModesTestExecutionListener, org.springframework.test.context.support.DependencyInjectionTestExecutionListener, org.springframework.test.context.support.DirtiesContextTestExecutionListener, org.springframework.test.context.transaction.TransactionalTestExecutionListener, org.springframework.test.context.jdbc.SqlScriptsTestExecutionListener]
18:08:30.631 [Test worker] INFO org.springframework.boot.test.context.SpringBootTestContextBootstrapper - Could not instantiate TestExecutionListener [org.springframework.test.context.web.ServletTestExecutionListener]. Specify custom listener classes or make the default listener classes (and their required dependencies) available. Offending class: [javax/servlet/ServletContext]
18:08:30.632 [Test worker] INFO org.springframework.boot.test.context.SpringBootTestContextBootstrapper - Using TestExecutionListeners: [org.springframework.test.context.support.DirtiesContextBeforeModesTestExecutionListener@3da15611, org.springframework.boot.test.autoconfigure.AutoConfigureReportTestExecutionListener@2e5a8cf, org.springframework.test.context.support.DependencyInjectionTestExecutionListener@4e3a942, org.springframework.test.context.support.DirtiesContextTestExecutionListener@25858389, org.springframework.test.context.transaction.TransactionalTestExecutionListener@12a348f6, org.springframework.test.context.jdbc.SqlScriptsTestExecutionListener@3d2f39bd, org.springframework.boot.test.mock.mockito.MockitoTestExecutionListener@249f2ee3, org.springframework.boot.test.mock.mockito.ResetMocksTestExecutionListener@2d0f7832, org.springframework.boot.test.autoconfigure.web.client.MockRestServiceServerResetTestExecutionListener@25e3619d, org.springframework.boot.test.autoconfigure.restdocs.RestDocsTestExecutionListener@6145564d]
18:08:30.635 [Test worker] DEBUG org.springframework.test.annotation.ProfileValueUtils - Retrieved @ProfileValueSourceConfiguration [null] for test class [com.cedup.restaurant.RestaurantApplicationTests]
18:08:30.636 [Test worker] DEBUG org.springframework.test.annotation.ProfileValueUtils - Retrieved ProfileValueSource type [class org.springframework.test.annotation.SystemProfileValueSource] for class [com.cedup.restaurant.RestaurantApplicationTests]
18:08:30.636 [Test worker] DEBUG org.springframework.test.annotation.ProfileValueUtils - Retrieved @ProfileValueSourceConfiguration [null] for test class [com.cedup.restaurant.RestaurantApplicationTests]
18:08:30.637 [Test worker] DEBUG org.springframework.test.annotation.ProfileValueUtils - Retrieved ProfileValueSource type [class org.springframework.test.annotation.SystemProfileValueSource] for class [com.cedup.restaurant.RestaurantApplicationTests]
18:08:30.641 [Test worker] DEBUG org.springframework.test.context.support.AbstractDirtiesContextTestExecutionListener - Before test class: context [DefaultTestContext@6925a8d6 testClass = RestaurantApplicationTests, testInstance = [null], testMethod = [null], testException = [null], mergedContextConfiguration = [MergedContextConfiguration@78d1e3d9 testClass = RestaurantApplicationTests, locations = '{}', classes = '{class com.cedup.restaurant.RestaurantApplication}', contextInitializerClasses = '[]', activeProfiles = '{}', propertySourceLocations = '{}', propertySourceProperties = '{org.springframework.boot.test.context.SpringBootTestContextBootstrapper=true}', contextCustomizers = set[org.springframework.boot.test.context.SpringBootTestContextCustomizer@44db5a0, org.springframework.boot.test.context.filter.ExcludeFilterContextCustomizer@6cafbb2b, org.springframework.boot.test.mock.mockito.MockitoContextCustomizer@0, org.springframework.boot.test.autoconfigure.properties.PropertyMappingContextCustomizer@0], contextLoader = 'org.springframework.boot.test.context.SpringBootContextLoader', parent = [null]]], class annotated with @DirtiesContext [false] with mode [null].
18:08:30.642 [Test worker] DEBUG org.springframework.test.annotation.ProfileValueUtils - Retrieved @ProfileValueSourceConfiguration [null] for test class [com.cedup.restaurant.RestaurantApplicationTests]
18:08:30.642 [Test worker] DEBUG org.springframework.test.annotation.ProfileValueUtils - Retrieved ProfileValueSource type [class org.springframework.test.annotation.SystemProfileValueSource] for class [com.cedup.restaurant.RestaurantApplicationTests]
18:08:30.643 [Test worker] DEBUG org.springframework.test.context.support.DependencyInjectionTestExecutionListener - Performing dependency injection for test context [[DefaultTestContext@6925a8d6 testClass = RestaurantApplicationTests, testInstance = com.cedup.restaurant.RestaurantApplicationTests@347cf906, testMethod = [null], testException = [null], mergedContextConfiguration = [MergedContextConfiguration@78d1e3d9 testClass = RestaurantApplicationTests, locations = '{}', classes = '{class com.cedup.restaurant.RestaurantApplication}', contextInitializerClasses = '[]', activeProfiles = '{}', propertySourceLocations = '{}', propertySourceProperties = '{org.springframework.boot.test.context.SpringBootTestContextBootstrapper=true}', contextCustomizers = set[org.springframework.boot.test.context.SpringBootTestContextCustomizer@44db5a0, org.springframework.boot.test.context.filter.ExcludeFilterContextCustomizer@6cafbb2b, org.springframework.boot.test.mock.mockito.MockitoContextCustomizer@0, org.springframework.boot.test.autoconfigure.properties.PropertyMappingContextCustomizer@0], contextLoader = 'org.springframework.boot.test.context.SpringBootContextLoader', parent = [null]]]].
18:08:30.669 [Test worker] DEBUG org.springframework.core.env.StandardEnvironment - Adding [systemProperties] PropertySource with lowest search precedence
18:08:30.669 [Test worker] DEBUG org.springframework.core.env.StandardEnvironment - Adding [systemEnvironment] PropertySource with lowest search precedence
18:08:30.669 [Test worker] DEBUG org.springframework.core.env.StandardEnvironment - Initialized StandardEnvironment with PropertySources [systemProperties,systemEnvironment]
18:08:30.670 [Test worker] DEBUG org.springframework.test.context.support.TestPropertySourceUtils - Adding inlined properties to environment: {spring.jmx.enabled=false, org.springframework.boot.test.context.SpringBootTestContextBootstrapper=true, server.port=-1}
18:08:30.670 [Test worker] DEBUG org.springframework.core.env.StandardEnvironment - Adding [Inlined Test Properties] PropertySource with highest search precedence

  .   ____          _            __ _ _
 /\\ / ___'_ __ _ _(_)_ __  __ _ \ \ \ \
( ( )\___ | '_ | '_| | '_ \/ _` | \ \ \ \
 \\/  ___)| |_)| | | | | || (_| |  ) ) ) )
  '  |____| .__|_| |_|_| |_\__, | / / / /
 =========|_|==============|___/=/_/_/_/
 :: Spring Boot ::        (v1.4.0.RELEASE)

2016-08-23 18:08:30.945  INFO 11076 --- [    Test worker] c.c.r.RestaurantApplicationTests         : Starting RestaurantApplicationTests on pcbnu001803 with PID 11076 (started by hendry.steffens in C:\repositorioGit\restaurant)
2016-08-23 18:08:30.946  INFO 11076 --- [    Test worker] c.c.r.RestaurantApplicationTests         : No active profile set, falling back to default profiles: default
2016-08-23 18:08:30.981  INFO 11076 --- [    Test worker] s.c.a.AnnotationConfigApplicationContext : Refreshing org.springframework.context.annotation.AnnotationConfigApplicationContext@720bd75a: startup date [Tue Aug 23 18:08:30 BRT 2016]; root of context hierarchy
2016-08-23 18:08:32.113  INFO 11076 --- [    Test worker] org.mongodb.driver.cluster               : Cluster created with settings {hosts=[localhost:27017], mode=SINGLE, requiredClusterType=UNKNOWN, serverSelectionTimeout='30000 ms', maxWaitQueueSize=500}
2016-08-23 18:08:32.314  INFO 11076 --- [localhost:27017] org.mongodb.driver.connection            : Opened connection [connectionId{localValue:1, serverValue:2}] to localhost:27017
2016-08-23 18:08:32.316  INFO 11076 --- [localhost:27017] org.mongodb.driver.cluster               : Monitor thread successfully connected to server with description ServerDescription{address=localhost:27017, type=STANDALONE, state=CONNECTED, ok=true, version=ServerVersion{versionList=[3, 2, 9]}, minWireVersion=0, maxWireVersion=4, maxDocumentSize=16777216, roundTripTimeNanos=599573}
2016-08-23 18:08:32.562  INFO 11076 --- [    Test worker] c.c.r.RestaurantApplicationTests         : Started RestaurantApplicationTests in 1.889 seconds (JVM running for 2.771)
]]></system-out>
  <system-err><![CDATA[]]></system-err>
</testsuite>
